\BOOKMARK [0][-]{section*.1}{\376\377\000D\000e\000c\000l\000a\000r\000a\000t\000i\000o\000n\000\040\000o\000f\000\040\000A\000u\000t\000h\000o\000r\000s\000h\000i\000p}{}% 1
\BOOKMARK [0][-]{section*.2}{\376\377\000A\000b\000s\000t\000r\000a\000c\000t}{}% 2
\BOOKMARK [0][-]{section*.3}{\376\377\000A\000c\000k\000n\000o\000w\000l\000e\000d\000g\000e\000m\000e\000n\000t\000s}{}% 3
\BOOKMARK [0][-]{section*.8}{\376\377\000L\000i\000s\000t\000\040\000o\000f\000\040\000A\000b\000b\000r\000e\000v\000i\000a\000t\000i\000o\000n\000s}{}% 4
\BOOKMARK [0][-]{chapter*.16}{\376\377\000I\000n\000t\000r\000o\000d\000u\000c\000t\000i\000o\000n}{}% 5
\BOOKMARK [1][-]{section.17}{\376\377\000M\000o\000t\000i\000v\000a\000t\000i\000o\000n}{chapter*.16}% 6
\BOOKMARK [1][-]{section.18}{\376\377\000T\000h\000e\000s\000i\000s\000\040\000O\000r\000g\000a\000n\000i\000z\000a\000t\000i\000o\000n}{chapter*.16}% 7
\BOOKMARK [0][-]{chapter.19}{\376\377\000I\000m\000a\000g\000e\000\040\000R\000e\000c\000o\000n\000s\000t\000r\000u\000c\000t\000i\000o\000n}{}% 8
\BOOKMARK [1][-]{section.20}{\376\377\000P\000E\000T}{chapter.19}% 9
\BOOKMARK [1][-]{section.25}{\376\377\000C\000T}{chapter.19}% 10
\BOOKMARK [1][-]{section.33}{\376\377\000A\000n\000a\000l\000y\000t\000i\000c\000\040\000R\000e\000c\000o\000n\000s\000t\000r\000u\000c\000t\000i\000o\000n}{chapter.19}% 11
\BOOKMARK [2][-]{section*.36}{\376\377\000F\000B\000P}{section.33}% 12
\BOOKMARK [1][-]{section.41}{\376\377\000M\000o\000d\000e\000l\000-\000B\000a\000s\000e\000d\000\040\000I\000m\000a\000g\000e\000\040\000R\000e\000c\000o\000n\000s\000t\000r\000u\000c\000t\000i\000o\000n\000\040\000\050\000M\000B\000I\000R\000\051}{chapter.19}% 13
\BOOKMARK [2][-]{subsection.42}{\376\377\000D\000a\000t\000a\000\040\000M\000o\000d\000e\000l\000\040\000f\000o\000r\000\040\000P\000E\000T}{section.41}% 14
\BOOKMARK [3][-]{section*.46}{\376\377\000M\000a\000x\000i\000m\000u\000m\000\040\000L\000i\000k\000e\000l\000i\000h\000o\000o\000d\000\040\000E\000x\000p\000e\000c\000t\000a\000t\000i\000o\000n\000\040\000M\000a\000x\000i\000m\000i\000z\000a\000t\000i\000o\000n\000\040\000\050\000M\000L\000E\000M\000\051}{subsection.42}% 15
\BOOKMARK [3][-]{section*.50}{\376\377\000O\000r\000d\000e\000r\000e\000d\000\040\000S\000u\000b\000s\000e\000t\000s\000\040\000E\000x\000p\000e\000c\000t\000a\000t\000i\000o\000n\000\040\000M\000a\000x\000i\000m\000i\000z\000a\000t\000i\000o\000n\000\040\000\050\000O\000S\000E\000M\000\051}{subsection.42}% 16
\BOOKMARK [2][-]{subsection.52}{\376\377\000D\000a\000t\000a\000\040\000M\000o\000d\000e\000l\000\040\000f\000o\000r\000\040\000C\000T}{section.41}% 17
\BOOKMARK [3][-]{section*.57}{\376\377\000M\000a\000x\000i\000m\000u\000m\000\040\000L\000i\000k\000e\000l\000i\000h\000o\000o\000d\000\040\000f\000o\000r\000\040\000T\000r\000a\000n\000s\000m\000i\000s\000s\000i\000o\000n\000\040\000t\000o\000m\000o\000g\000r\000a\000p\000h\000y\000\040\000\050\000M\000L\000T\000R\000\051}{subsection.52}% 18
\BOOKMARK [3][-]{section*.61}{\376\377\000W\000e\000i\000g\000h\000t\000e\000d\000\040\000L\000e\000a\000s\000t\000\040\000S\000q\000u\000a\000r\000e\000s\000\040\000\050\000W\000L\000S\000\051}{subsection.52}% 19
\BOOKMARK [2][-]{subsection.63}{\376\377\000P\000e\000n\000a\000l\000i\000z\000e\000d\000\040\000M\000B\000I\000R}{section.41}% 20
\BOOKMARK [0][-]{chapter.69}{\376\377\000N\000e\000u\000r\000a\000l\000\040\000N\000e\000t\000w\000o\000r\000k\000s}{}% 21
\BOOKMARK [1][-]{section.73}{\376\377\000C\000o\000s\000t\000\040\000F\000u\000n\000c\000t\000i\000o\000n}{chapter.69}% 22
\BOOKMARK [1][-]{section.76}{\376\377\000O\000u\000t\000p\000u\000t\000\040\000U\000n\000i\000t}{chapter.69}% 23
\BOOKMARK [1][-]{section.79}{\376\377\000B\000a\000c\000k\000p\000r\000o\000p\000a\000g\000a\000t\000i\000o\000n}{chapter.69}% 24
\BOOKMARK [1][-]{section.89}{\376\377\000O\000p\000t\000i\000m\000i\000z\000a\000t\000i\000o\000n}{chapter.69}% 25
\BOOKMARK [2][-]{subsection.90}{\376\377\000S\000t\000o\000c\000h\000a\000s\000t\000i\000c\000\040\000G\000r\000a\000d\000i\000e\000n\000t\000\040\000D\000e\000s\000c\000e\000n\000t}{section.89}% 26
\BOOKMARK [2][-]{subsection.94}{\376\377\000A\000d\000a\000m}{section.89}% 27
\BOOKMARK [2][-]{subsection.98}{\376\377\000U\000n\000i\000v\000e\000r\000s\000a\000l\000\040\000A\000p\000p\000r\000o\000x\000i\000m\000a\000t\000i\000o\000n\000\040\000T\000h\000e\000o\000r\000e\000m}{section.89}% 28
\BOOKMARK [1][-]{section.99}{\376\377\000C\000o\000n\000v\000o\000l\000u\000t\000i\000o\000n\000a\000l\000\040\000N\000e\000u\000r\000a\000l\000\040\000N\000e\000t\000w\000o\000r\000k}{chapter.69}% 29
\BOOKMARK [2][-]{subsection.100}{\376\377\000C\000o\000n\000v\000o\000l\000u\000t\000i\000o\000n}{section.99}% 30
\BOOKMARK [2][-]{subsection.103}{\376\377\000A\000c\000t\000i\000v\000a\000t\000i\000o\000n\000\040\000L\000a\000y\000e\000r}{section.99}% 31
\BOOKMARK [2][-]{subsection.105}{\376\377\000P\000o\000o\000l\000i\000n\000g\000\040\000L\000a\000y\000e\000r}{section.99}% 32
\BOOKMARK [2][-]{subsection.108}{\376\377\000N\000e\000u\000r\000a\000l\000\040\000N\000e\000t\000w\000o\000r\000k\000s\000\040\000f\000o\000r\000\040\000I\000m\000a\000g\000e\000\040\000t\000o\000\040\000I\000m\000a\000g\000e\000\040\000T\000r\000a\000n\000s\000l\000a\000t\000i\000o\000n}{section.99}% 33
\BOOKMARK [0][-]{chapter.111}{\376\377\000D\000e\000e\000p\000\040\000L\000e\000a\000r\000n\000i\000n\000g\000\040\000a\000n\000d\000\040\000T\000o\000m\000o\000g\000r\000a\000p\000h\000i\000c\000\040\000I\000m\000a\000g\000e\000\040\000R\000e\000c\000o\000n\000s\000t\000r\000u\000c\000t\000i\000o\000n}{}% 34
\BOOKMARK [1][-]{section.113}{\376\377\000D\000a\000t\000a\000\040\000C\000o\000r\000r\000e\000c\000t\000i\000o\000n\000s\000\040\000o\000r\000\040\000P\000o\000s\000t\000-\000p\000r\000o\000c\000e\000s\000s\000i\000n\000g}{chapter.111}% 35
\BOOKMARK [1][-]{section.118}{\376\377\000H\000y\000b\000r\000i\000d\000\040\000M\000e\000t\000h\000o\000d\000s}{chapter.111}% 36
\BOOKMARK [1][-]{section.141}{\376\377\000D\000i\000r\000e\000c\000t\000\040\000R\000e\000c\000o\000n\000s\000t\000r\000u\000c\000t\000i\000o\000n\000\040\000w\000i\000t\000h\000\040\000D\000e\000e\000p\000\040\000L\000e\000a\000r\000n\000i\000n\000g}{chapter.111}% 37
\BOOKMARK [0][-]{chapter.143}{\376\377\000D\000U\000G\000-\000R\000E\000C\000O\000N\000:\000\040\000A\000\040\000F\000r\000a\000m\000e\000w\000o\000r\000k\000\040\000f\000o\000r\000\040\000D\000i\000r\000e\000c\000t\000\040\000I\000m\000a\000g\000e\000\040\000R\000e\000c\000o\000n\000s\000t\000r\000u\000c\000t\000i\000o\000n\000\040\000u\000s\000i\000n\000g\000\040\000C\000o\000n\000v\000o\000l\000u\000t\000i\000o\000n\000a\000l\000\040\000G\000e\000n\000e\000r\000a\000t\000i\000v\000e\000\040\000N\000e\000t\000w\000o\000r\000k\000s}{}% 38
\BOOKMARK [1][-]{section.144}{\376\377\000M\000e\000t\000h\000o\000d}{chapter.143}% 39
\BOOKMARK [2][-]{subsection.145}{\376\377\000D\000e\000e\000p\000\040\000L\000e\000a\000r\000n\000i\000n\000g\000\040\000A\000r\000c\000h\000i\000t\000e\000c\000t\000u\000r\000e\000s}{section.144}% 40
\BOOKMARK [3][-]{section*.148}{\376\377\000D\000e\000n\000o\000i\000s\000i\000n\000g}{subsection.145}% 41
\BOOKMARK [3][-]{section*.151}{\376\377\000\040\000I\000m\000a\000g\000e\000\040\000R\000e\000c\000o\000n\000s\000t\000r\000u\000c\000t\000i\000o\000n\000\040}{subsection.145}% 42
\BOOKMARK [3][-]{section*.159}{\376\377\000S\000u\000p\000e\000r\000\040\000R\000e\000s\000o\000l\000u\000t\000i\000o\000n}{subsection.145}% 43
\BOOKMARK [1][-]{section.162}{\376\377\000D\000a\000t\000a\000s\000e\000t\000\040\000D\000e\000s\000c\000r\000i\000p\000t\000i\000o\000n}{chapter.143}% 44
\BOOKMARK [1][-]{section.166}{\376\377\000T\000r\000a\000i\000n\000i\000n\000g}{chapter.143}% 45
\BOOKMARK [1][-]{section.168}{\376\377\000Q\000u\000a\000n\000t\000i\000t\000a\000t\000i\000v\000e\000\040\000a\000n\000a\000l\000y\000s\000i\000s}{chapter.143}% 46
\BOOKMARK [2][-]{subsection.171}{\376\377\000R\000e\000g\000i\000o\000n\000\040\000o\000f\000\040\000I\000n\000t\000e\000r\000e\000s\000t\000\040\000a\000n\000a\000l\000y\000s\000i\000s}{section.168}% 47
\BOOKMARK [1][-]{section.175}{\376\377\000C\000o\000m\000p\000a\000r\000i\000s\000o\000n\000\040\000w\000i\000t\000h\000\040\000D\000e\000e\000p\000P\000E\000T}{chapter.143}% 48
\BOOKMARK [1][-]{section.176}{\376\377\000R\000e\000s\000u\000l\000t\000s}{chapter.143}% 49
\BOOKMARK [1][-]{section.187}{\376\377\000D\000i\000s\000c\000u\000s\000s\000i\000o\000n}{chapter.143}% 50
\BOOKMARK [1][-]{section.188}{\376\377\000C\000o\000n\000c\000l\000u\000s\000i\000o\000n}{chapter.143}% 51
\BOOKMARK [0][-]{chapter.189}{\376\377\000L\000R\000R\000-\000C\000E\000D\000:\000\040\000L\000o\000w\000-\000R\000e\000s\000o\000l\000u\000t\000i\000o\000n\000\040\000R\000e\000c\000o\000n\000s\000t\000r\000u\000c\000t\000i\000o\000n\000\040\000a\000w\000a\000r\000e\000\040\000C\000o\000n\000v\000o\000l\000u\000t\000i\000o\000n\000a\000l\000\040\000E\000n\000c\000o\000d\000e\000r\000-\000D\000e\000c\000o\000d\000e\000r\000\040\000N\000e\000t\000w\000o\000r\000k\000\040\000f\000o\000r\000\040\000D\000i\000r\000e\000c\000t\000\040\000S\000p\000a\000r\000s\000e\000-\000V\000i\000e\000w\000\040\000C\000T\000\040\000I\000m\000a\000g\000e\000\040\000R\000e\000c\000o\000n\000s\000t\000r\000u\000c\000t\000i\000o\000n}{}% 52
\BOOKMARK [1][-]{section.190}{\376\377\000M\000a\000i\000n\000\040\000C\000o\000n\000t\000r\000i\000b\000u\000t\000i\000o\000n}{chapter.189}% 53
\BOOKMARK [1][-]{section.192}{\376\377\000M\000e\000t\000h\000o\000d\000s}{chapter.189}% 54
\BOOKMARK [2][-]{subsection.193}{\376\377\000P\000r\000o\000p\000o\000s\000e\000d\000\040\000L\000o\000w\000\040\000R\000e\000s\000o\000l\000u\000t\000i\000o\000n\000\040\000R\000e\000c\000o\000n\000s\000t\000r\000u\000c\000t\000i\000o\000n\000\040\000a\000w\000a\000r\000e\000\040\000C\000E\000D\000\040\000M\000o\000d\000e\000l}{section.192}% 55
\BOOKMARK [3][-]{section*.197}{\376\377\000F\000u\000l\000l\000y\000\040\000C\000o\000n\000v\000o\000l\000u\000t\000i\000o\000n\000a\000l\000\040\000D\000e\000n\000s\000e\000\040\000N\000e\000t\000w\000o\000r\000k\000s}{subsection.193}% 56
\BOOKMARK [3][-]{section*.198}{\376\377\000U\000-\000N\000e\000t}{subsection.193}% 57
\BOOKMARK [3][-]{section*.201}{\376\377\000L\000o\000s\000s\000\040\000F\000u\000n\000c\000t\000i\000o\000n}{subsection.193}% 58
\BOOKMARK [1][-]{section.205}{\376\377\000D\000a\000t\000a\000s\000e\000t}{chapter.189}% 59
\BOOKMARK [1][-]{section.208}{\376\377\000T\000r\000a\000i\000n\000i\000n\000g}{chapter.189}% 60
\BOOKMARK [1][-]{section.209}{\376\377\000Q\000u\000a\000n\000t\000i\000t\000a\000t\000i\000v\000e\000\040\000A\000n\000a\000l\000y\000s\000i\000s\000:}{chapter.189}% 61
\BOOKMARK [1][-]{section.213}{\376\377\000C\000o\000m\000p\000a\000r\000a\000t\000i\000v\000e\000\040\000A\000n\000a\000l\000y\000s\000i\000s}{chapter.189}% 62
\BOOKMARK [1][-]{section.214}{\376\377\000R\000e\000s\000u\000l\000t\000s}{chapter.189}% 63
\BOOKMARK [2][-]{subsection.215}{\376\377\000E\000x\000p\000e\000r\000i\000m\000e\000n\000t\000a\000l\000\040\000R\000e\000s\000u\000l\000t\000s}{section.214}% 64
\BOOKMARK [2][-]{subsection.224}{\376\377\000E\000x\000p\000e\000r\000i\000m\000e\000n\000t\000s\000\040\000w\000i\000t\000h\000\040\000r\000e\000a\000l\000\040\000d\000a\000t\000a}{section.214}% 65
\BOOKMARK [2][-]{subsection.227}{\376\377\000S\000t\000a\000b\000i\000l\000i\000t\000y\000\040\000S\000t\000u\000d\000y}{section.214}% 66
\BOOKMARK [2][-]{subsection.229}{\376\377\000H\000y\000p\000e\000r\000p\000a\000r\000a\000m\000e\000t\000e\000r\000\040\000o\000p\000t\000i\000m\000i\000z\000a\000t\000i\000o\000n}{section.214}% 67
\BOOKMARK [3][-]{section*.230}{\376\377\000C\000o\000n\000c\000a\000t\000e\000n\000a\000t\000i\000o\000n\000\040\000R\000e\000s\000o\000l\000u\000t\000i\000o\000n\000\040\000S\000e\000l\000e\000c\000t\000i\000o\000n}{subsection.229}% 68
\BOOKMARK [3][-]{section*.231}{\376\377\000T\000r\000a\000i\000n\000i\000n\000g\000\040\000E\000x\000a\000m\000p\000l\000e\000s\000\040\000A\000n\000a\000l\000y\000s\000i\000s}{subsection.229}% 69
\BOOKMARK [2][-]{subsection.232}{\376\377\000A\000b\000l\000a\000t\000i\000o\000n\000\040\000S\000t\000u\000d\000y}{section.214}% 70
\BOOKMARK [1][-]{section.241}{\376\377\000D\000i\000s\000c\000u\000s\000s\000i\000o\000n}{chapter.189}% 71
\BOOKMARK [1][-]{section.242}{\376\377\000C\000o\000n\000c\000l\000u\000s\000i\000o\000n}{chapter.189}% 72
\BOOKMARK [0][-]{chapter.243}{\376\377\000C\000o\000n\000c\000l\000u\000s\000i\000o\000n\000s\000\040\000a\000n\000d\000\040\000P\000e\000r\000s\000p\000e\000c\000t\000i\000v\000e\000s}{}% 73
\BOOKMARK [0][-]{appendix.244}{\376\377\000F\000r\000e\000q\000u\000e\000n\000t\000l\000y\000\040\000A\000s\000k\000e\000d\000\040\000Q\000u\000e\000s\000t\000i\000o\000n\000s}{}% 74
\BOOKMARK [1][-]{section.245}{\376\377\000H\000o\000w\000\040\000d\000o\000\040\000I\000\040\000c\000h\000a\000n\000g\000e\000\040\000t\000h\000e\000\040\000c\000o\000l\000o\000r\000s\000\040\000o\000f\000\040\000l\000i\000n\000k\000s\000?}{appendix.244}% 75
\BOOKMARK [0][-]{appendix*.246}{\376\377\000B\000i\000b\000l\000i\000o\000g\000r\000a\000p\000h\000y}{}% 76
